<?xml version="1.0" encoding="UTF-8"?>
<!-- Generated by org.testng.reporters.JUnitReportReporter -->
<testsuite hostname="SujaniLaptop" failures="0" tests="1" name="com.api.test.UpdateProfileTest" time="4.432" errors="0" timestamp="2025-06-06T17:25:26 MDT" skipped="0">
  <testcase classname="com.api.test.UpdateProfileTest" name="updateProfileTest" time="4.432"/>
</testsuite> <!-- com.api.test.UpdateProfileTest -->
