<?xml version="1.0" encoding="UTF-8"?>
<!-- Generated by org.testng.reporters.JUnitReportReporter -->
<testsuite hostname="SujaniLaptop" failures="0" tests="1" name="com.api.test.GetUserAPITest" time="7.582" errors="0" timestamp="2025-06-06T16:29:52 MDT" skipped="0">
  <testcase classname="com.api.test.GetUserAPITest" name="getProfileInfo" time="7.582"/>
</testsuite> <!-- com.api.test.GetUserAPITest -->
