<?xml version="1.0" encoding="UTF-8"?>
<!-- Generated by org.testng.reporters.JUnitReportReporter -->
<testsuite hostname="SujaniLaptop" failures="0" tests="1" name="com.api.test.LoginAPITest" time="2.965" errors="0" timestamp="2025-06-03T15:14:13 MDT" skipped="0">
  <testcase classname="com.api.test.LoginAPITest" name="loginTest" time="2.965"/>
</testsuite> <!-- com.api.test.LoginAPITest -->
