<?xml version="1.0" encoding="UTF-8"?>
<!-- Generated by org.testng.reporters.JUnitReportReporter -->
<testsuite hostname="SujaniLaptop" failures="0" tests="1" name="com.api.test.AccountCreationTest" time="3.097" errors="0" timestamp="2025-06-06T11:57:12 MDT" skipped="0">
  <testcase classname="com.api.test.AccountCreationTest" name="createAccountTest" time="3.097"/>
</testsuite> <!-- com.api.test.AccountCreationTest -->
