<?xml version="1.0" encoding="UTF-8"?>
<!-- Generated by org.testng.reporters.JUnitReportReporter -->
<testsuite hostname="SujaniLaptop" failures="0" tests="1" name="com.api.test.LoginAPITest2" time="3.189" errors="0" timestamp="2025-06-09T16:25:18 MDT" skipped="0">
  <testcase classname="com.api.test.LoginAPITest2" name="loginTest" time="3.189"/>
</testsuite> <!-- com.api.test.LoginAPITest2 -->
