<?xml version="1.0" encoding="UTF-8"?>
<!-- Generated by org.testng.reporters.JUnitReportReporter -->
<testsuite hostname="SujaniLaptop" failures="0" tests="1" name="com.api.test.ForgotPasswordTest" time="6.727" errors="0" timestamp="2025-06-06T12:10:24 MDT" skipped="0">
  <testcase classname="com.api.test.ForgotPasswordTest" name="forgotPassword" time="6.727"/>
</testsuite> <!-- com.api.test.ForgotPasswordTest -->
