<?xml version="1.0" encoding="UTF-8"?>
<!-- Generated by org.testng.reporters.JUnitReportReporter -->
<testsuite hostname="SujaniLaptop" failures="0" tests="1" name="sujaniacademy.tests.ResponsiveTest" time="8.814" errors="0" timestamp="2025-05-27T10:24:59 MDT" skipped="0">
  <testcase classname="sujaniacademy.tests.ResponsiveTest" name="responsiveTest" time="8.814"/>
</testsuite> <!-- sujaniacademy.tests.ResponsiveTest -->
