<?xml version="1.0" encoding="UTF-8"?>
<!-- Generated by org.testng.reporters.JUnitReportReporter -->
<testsuite hostname="SujaniLaptop" failures="0" tests="1" name="cucumber.TestNGTestRunner" time="26.619" errors="0" timestamp="2025-02-20T12:04:23 MST" skipped="0">
  <testcase classname="cucumber.TestNGTestRunner" name="runScenario" time="26.619"/>
</testsuite> <!-- cucumber.TestNGTestRunner -->
