<?xml version="1.0" encoding="UTF-8"?>
<!-- Generated by org.testng.reporters.JUnitReportReporter -->
<testsuite hostname="SujaniLaptop" failures="0" tests="1" name="sujaniacademy.tests.ErrorValidationsTest" time="14.670" errors="0" timestamp="2025-05-26T12:43:29 MDT" skipped="0">
  <testcase classname="sujaniacademy.tests.ErrorValidationsTest" name="errorLoginValidation" time="14.670"/>
</testsuite> <!-- sujaniacademy.tests.ErrorValidationsTest -->
