<?xml version="1.0" encoding="UTF-8"?>
<!-- Generated by org.testng.reporters.JUnitReportReporter -->
<testsuite hostname="SujaniLaptop" failures="0" tests="2" name="sujaniacademy.tests.ErrorValidations" time="60.335" errors="0" timestamp="2025-02-13T10:40:59 MST" skipped="0">
  <testcase classname="sujaniacademy.tests.ErrorValidations" name="submitOrderError" time="30.349"/>
  <testcase classname="sujaniacademy.tests.ErrorValidations" name="errorLoginValidation" time="29.986"/>
</testsuite> <!-- sujaniacademy.tests.ErrorValidations -->
