<?xml version="1.0" encoding="UTF-8"?>
<!-- Generated by org.testng.reporters.JUnitReportReporter -->
<testsuite hostname="SujaniLaptop" failures="0" tests="1" name="remotetesting.dockervalidation.ChromeNodeTest3" time="18.875" errors="0" timestamp="2025-05-09T09:41:22 MDT" skipped="0">
  <testcase classname="remotetesting.dockervalidation.ChromeNodeTest3" name="test3" time="18.875"/>
</testsuite> <!-- remotetesting.dockervalidation.ChromeNodeTest3 -->
