<?xml version="1.0" encoding="UTF-8"?>
<!-- Generated by org.testng.reporters.JUnitReportReporter -->
<testsuite hostname="SujaniLaptop" failures="0" tests="1" name="remotetesting.dockervalidation.ChromeNodeTest2" time="19.704" errors="0" timestamp="2025-05-09T09:41:22 MDT" skipped="0">
  <testcase classname="remotetesting.dockervalidation.ChromeNodeTest2" name="test2" time="19.704"/>
</testsuite> <!-- remotetesting.dockervalidation.ChromeNodeTest2 -->
