<?xml version="1.0" encoding="UTF-8"?>
<!-- Generated by org.testng.reporters.JUnitReportReporter -->
<testsuite hostname="SujaniLaptop" failures="0" tests="1" name="remotetesting.dockervalidation.StopDockerHub" time="21.542" errors="0" timestamp="2025-05-08T16:21:37 MDT" skipped="0">
  <testcase classname="remotetesting.dockervalidation.StopDockerHub" name="stopFile" time="21.542"/>
</testsuite> <!-- remotetesting.dockervalidation.StopDockerHub -->
