<?xml version="1.0" encoding="UTF-8"?>
<!-- Generated by org.testng.reporters.JUnitReportReporter -->
<testsuite hostname="SujaniLaptop" failures="0" tests="1" name="remotetesting.dockervalidation.StartDocker" time="35.234" errors="0" timestamp="2025-05-08T16:20:46 MDT" skipped="0">
  <testcase classname="remotetesting.dockervalidation.StartDocker" name="startFile" time="35.234"/>
</testsuite> <!-- remotetesting.dockervalidation.StartDocker -->
