<?xml version="1.0" encoding="UTF-8"?>
<!-- Generated by org.testng.reporters.JUnitReportReporter -->
<testsuite hostname="SujaniLaptop" failures="0" tests="2" name="sujaniacademy.mavenJava.RESTAPITest" time="0.015" errors="0" timestamp="2025-03-05T11:32:36 MST" skipped="0">
  <testcase classname="sujaniacademy.mavenJava.RESTAPITest" name="postJira" time="0.001"/>
  <testcase classname="sujaniacademy.mavenJava.RESTAPITest" name="deleteTwitter" time="0.014"/>
</testsuite> <!-- sujaniacademy.mavenJava.RESTAPITest -->
