<?xml version="1.0" encoding="UTF-8"?>
<!-- Generated by org.testng.reporters.JUnitReportReporter -->
<testsuite hostname="SujaniLaptop" failures="0" tests="2" name="sujaniacademy.mavenJava.AppiumTest" time="0.008" errors="0" timestamp="2025-03-05T11:32:15 MST" skipped="0">
  <testcase classname="sujaniacademy.mavenJava.AppiumTest" name="IOSApp" time="0.007"/>
  <testcase classname="sujaniacademy.mavenJava.AppiumTest" name="NatativeAppAnaroied" time="0.001"/>
</testsuite> <!-- sujaniacademy.mavenJava.AppiumTest -->
