<?xml version="1.0" encoding="UTF-8"?>
<!-- Generated by org.testng.reporters.JUnitReportReporter -->
<testsuite hostname="SujaniLaptop" failures="0" tests="1" name="cucumber.TestNGTestRunner" time="19.061" errors="0" timestamp="2025-02-20T12:14:36 MST" skipped="0">
  <testcase classname="cucumber.TestNGTestRunner" name="runScenario" time="19.061"/>
</testsuite> <!-- cucumber.TestNGTestRunner -->
