<?xml version="1.0" encoding="UTF-8"?>
<!-- Generated by org.testng.reporters.JUnitReportReporter -->
<testsuite hostname="SujaniLaptop" failures="0" tests="1" name="demorest.ComplexJsonPass" time="2.409" errors="0" timestamp="2025-03-27T11:03:18 MDT" skipped="0">
  <testcase classname="demorest.ComplexJsonPass" name="getTotalAmount" time="2.409"/>
</testsuite> <!-- demorest.ComplexJsonPass -->
