<?xml version="1.0" encoding="UTF-8"?>
<!-- Generated by org.testng.reporters.JUnitReportReporter -->
<testsuite hostname="SujaniLaptop" failures="0" tests="3" name="exceldata.DataReadThoughXsl" time="0.027" errors="0" timestamp="2025-02-24T13:04:02 MST" skipped="0">
  <testcase classname="exceldata.DataReadThoughXsl" name="testCaseData" time="0.003"/>
  <testcase classname="exceldata.DataReadThoughXsl" name="testCaseData" time="0.003"/>
  <testcase classname="exceldata.DataReadThoughXsl" name="testCaseData" time="0.021"/>
</testsuite> <!-- exceldata.DataReadThoughXsl -->
