<?xml version="1.0" encoding="UTF-8"?>
<!-- Generated by org.testng.reporters.JUnitReportReporter -->
<testsuite hostname="SujaniLaptop" failures="0" tests="4" name="exceldata.Excel" time="0.021" errors="0" timestamp="2025-02-24T16:12:31 MST" skipped="0">
  <testcase classname="exceldata.Excel" name="testCaseData" time="0.002"/>
  <testcase classname="exceldata.Excel" name="testCaseData" time="0.002"/>
  <testcase classname="exceldata.Excel" name="testCaseData" time="0.015"/>
  <testcase classname="exceldata.Excel" name="testCaseData" time="0.002"/>
</testsuite> <!-- exceldata.Excel -->
