<?xml version="1.0" encoding="UTF-8"?>
<!-- Generated by org.testng.reporters.JUnitReportReporter -->
<testsuite hostname="SujaniLaptop" failures="0" tests="1" name="remotetesting.dockervalidation.ChromeNodeTest3" time="37.968" errors="0" timestamp="2025-05-09T10:38:58 MDT" skipped="0">
  <testcase classname="remotetesting.dockervalidation.ChromeNodeTest3" name="test3" time="37.968"/>
</testsuite> <!-- remotetesting.dockervalidation.ChromeNodeTest3 -->
