<?xml version="1.0" encoding="UTF-8"?>
<!-- Generated by org.testng.reporters.JUnitReportReporter -->
<testsuite hostname="SujaniLaptop" failures="0" tests="1" name="sujaniacademy.appium1.ScrollDemo" time="5.285" errors="0" timestamp="2025-05-13T09:45:25 MDT" skipped="0">
  <testcase classname="sujaniacademy.appium1.ScrollDemo" name="scrollDemoTestt" time="5.285"/>
</testsuite> <!-- sujaniacademy.appium1.ScrollDemo -->
