<?xml version="1.0" encoding="UTF-8"?>
<!-- Generated by org.testng.reporters.JUnitReportReporter -->
<testsuite hostname="SujaniLaptop" failures="0" tests="1" name="sujaniacademy.appium1.longPress" time="11.261" errors="0" timestamp="2025-05-13T09:03:59 MDT" skipped="0">
  <testcase classname="sujaniacademy.appium1.longPress" name="longPressGusture" time="11.261"/>
</testsuite> <!-- sujaniacademy.appium1.longPress -->
