<?xml version="1.0" encoding="UTF-8"?>
<!-- Generated by org.testng.reporters.JUnitReportReporter -->
<testsuite hostname="SujaniLaptop" failures="0" tests="1" name="sujaniacademy.appium1.AppiumBasic" time="16.170" errors="0" timestamp="2025-05-12T16:40:15 MDT" skipped="0">
  <testcase classname="sujaniacademy.appium1.AppiumBasic" name="wifiSettingsName" time="16.170"/>
</testsuite> <!-- sujaniacademy.appium1.AppiumBasic -->
