<?xml version="1.0" encoding="UTF-8"?>
<!-- Generated by org.testng.reporters.JUnitReportReporter -->
<testsuite hostname="SujaniLaptop" failures="0" tests="1" name="sujaniacademy.appium1.SwipeDemo" time="14.225" errors="0" timestamp="2025-05-13T10:48:06 MDT" skipped="0">
  <testcase classname="sujaniacademy.appium1.SwipeDemo" name="scrollDemoTestt" time="14.225"/>
</testsuite> <!-- sujaniacademy.appium1.SwipeDemo -->
