<?xml version="1.0" encoding="UTF-8"?>
<!-- Generated by org.testng.reporters.JUnitReportReporter -->
<testsuite hostname="SujaniLaptop" failures="0" tests="1" name="sujaniacademy.ExtentReports.ExtentReportDemo" time="16.743" errors="0" timestamp="2025-02-13T18:46:02 MST" skipped="0">
  <testcase classname="sujaniacademy.ExtentReports.ExtentReportDemo" name="initialDemo" time="16.743"/>
  <system-out/>
</testsuite> <!-- sujaniacademy.ExtentReports.ExtentReportDemo -->
